<?xml version="1.0" encoding="UTF-8"?>
<!-- Generated by org.testng.reporters.JUnitXMLReporter -->
<testsuite ignored="0" hostname="IN-B7KRXM3" failures="0" tests="6" name="Default test" time="117.208" errors="0" timestamp="2023-10-04T14:09:48 IST">
  <testcase classname="com.tmb.tests.LoginPagetest" name="test1" time="15.926"/>
  <testcase classname="com.tmb.tests.LoginPagetest" name="test2" time="14.852"/>
  <testcase classname="com.tmb.tests.LoginPagetest" name="test3" time="17.21"/>
  <testcase classname="com.tmb.tests.LoginPagetest" name="test4" time="16.602"/>
  <testcase classname="com.tmb.tests.LoginPagetest" name="test5" time="18.711"/>
  <testcase classname="com.tmb.tests.LoginPagetest" name="test6" time="17.987"/>
</testsuite> <!-- Default test -->
