<?xml version="1.0" encoding="UTF-8"?>
<testng-results ignored="0" total="1" passed="1" failed="0" skipped="0">
  <reporter-output>
  </reporter-output>
  <suite started-at="2023-10-03T09:46:28 IST" name="Default suite" finished-at="2023-10-03T09:46:56 IST" duration-ms="28092">
    <groups>
    </groups>
    <test started-at="2023-10-03T09:46:28 IST" name="Default test" finished-at="2023-10-03T09:46:56 IST" duration-ms="28092">
      <class name="com.tmb.tests.LoginPagetest">
        <test-method is-config="true" signature="chrome()[pri:0, instance:com.tmb.tests.LoginPagetest@32ee6fee]" started-at="2023-10-03T09:46:28 IST" name="chrome" finished-at="2023-10-03T09:46:35 IST" duration-ms="7648" status="PASS">
          <reporter-output>
          </reporter-output>
        </test-method> <!-- chrome -->
        <test-method signature="test1()[pri:0, instance:com.tmb.tests.LoginPagetest@32ee6fee]" started-at="2023-10-03T09:46:35 IST" name="test1" finished-at="2023-10-03T09:46:56 IST" duration-ms="20403" status="PASS">
          <reporter-output>
          </reporter-output>
        </test-method> <!-- test1 -->
      </class> <!-- com.tmb.tests.LoginPagetest -->
    </test> <!-- Default test -->
  </suite> <!-- Default suite -->
</testng-results>
