<?xml version="1.0" encoding="UTF-8"?>
<testng-results ignored="0" total="6" passed="6" failed="0" skipped="0">
  <reporter-output>
  </reporter-output>
  <suite started-at="2023-10-04T14:07:51 IST" name="Default suite" finished-at="2023-10-04T14:09:48 IST" duration-ms="117208">
    <groups>
    </groups>
    <test started-at="2023-10-04T14:07:51 IST" name="Default test" finished-at="2023-10-04T14:09:48 IST" duration-ms="117208">
      <class name="com.tmb.tests.LoginPagetest">
        <test-method is-config="true" signature="chrome()[pri:0, instance:com.tmb.tests.LoginPagetest@4fb3ee4e]" started-at="2023-10-04T14:07:51 IST" name="chrome" finished-at="2023-10-04T14:07:54 IST" duration-ms="3534" status="PASS">
          <reporter-output>
          </reporter-output>
        </test-method> <!-- chrome -->
        <test-method signature="test1()[pri:1, instance:com.tmb.tests.LoginPagetest@4fb3ee4e]" started-at="2023-10-04T14:07:54 IST" name="test1" finished-at="2023-10-04T14:08:10 IST" duration-ms="15926" status="PASS">
          <reporter-output>
          </reporter-output>
        </test-method> <!-- test1 -->
        <test-method is-config="true" signature="chrome()[pri:0, instance:com.tmb.tests.LoginPagetest@4fb3ee4e]" started-at="2023-10-04T14:08:10 IST" name="chrome" finished-at="2023-10-04T14:08:12 IST" duration-ms="1945" status="PASS">
          <reporter-output>
          </reporter-output>
        </test-method> <!-- chrome -->
        <test-method signature="test2()[pri:2, instance:com.tmb.tests.LoginPagetest@4fb3ee4e]" started-at="2023-10-04T14:08:12 IST" name="test2" finished-at="2023-10-04T14:08:27 IST" duration-ms="14852" status="PASS">
          <reporter-output>
          </reporter-output>
        </test-method> <!-- test2 -->
        <test-method is-config="true" signature="chrome()[pri:0, instance:com.tmb.tests.LoginPagetest@4fb3ee4e]" started-at="2023-10-04T14:08:27 IST" name="chrome" finished-at="2023-10-04T14:08:29 IST" duration-ms="1995" status="PASS">
          <reporter-output>
          </reporter-output>
        </test-method> <!-- chrome -->
        <test-method signature="test3()[pri:3, instance:com.tmb.tests.LoginPagetest@4fb3ee4e]" started-at="2023-10-04T14:08:29 IST" name="test3" finished-at="2023-10-04T14:08:46 IST" duration-ms="17210" status="PASS">
          <reporter-output>
          </reporter-output>
        </test-method> <!-- test3 -->
        <test-method is-config="true" signature="chrome()[pri:0, instance:com.tmb.tests.LoginPagetest@4fb3ee4e]" started-at="2023-10-04T14:08:46 IST" name="chrome" finished-at="2023-10-04T14:08:49 IST" duration-ms="2504" status="PASS">
          <reporter-output>
          </reporter-output>
        </test-method> <!-- chrome -->
        <test-method signature="test4()[pri:4, instance:com.tmb.tests.LoginPagetest@4fb3ee4e]" started-at="2023-10-04T14:08:49 IST" name="test4" finished-at="2023-10-04T14:09:05 IST" duration-ms="16602" status="PASS">
          <reporter-output>
          </reporter-output>
        </test-method> <!-- test4 -->
        <test-method is-config="true" signature="chrome()[pri:0, instance:com.tmb.tests.LoginPagetest@4fb3ee4e]" started-at="2023-10-04T14:09:05 IST" name="chrome" finished-at="2023-10-04T14:09:08 IST" duration-ms="2271" status="PASS">
          <reporter-output>
          </reporter-output>
        </test-method> <!-- chrome -->
        <test-method signature="test5()[pri:5, instance:com.tmb.tests.LoginPagetest@4fb3ee4e]" started-at="2023-10-04T14:09:08 IST" name="test5" finished-at="2023-10-04T14:09:26 IST" duration-ms="18711" status="PASS">
          <reporter-output>
          </reporter-output>
        </test-method> <!-- test5 -->
        <test-method is-config="true" signature="chrome()[pri:0, instance:com.tmb.tests.LoginPagetest@4fb3ee4e]" started-at="2023-10-04T14:09:26 IST" name="chrome" finished-at="2023-10-04T14:09:30 IST" duration-ms="3602" status="PASS">
          <reporter-output>
          </reporter-output>
        </test-method> <!-- chrome -->
        <test-method signature="test6()[pri:6, instance:com.tmb.tests.LoginPagetest@4fb3ee4e]" started-at="2023-10-04T14:09:30 IST" name="test6" finished-at="2023-10-04T14:09:48 IST" duration-ms="17987" status="PASS">
          <reporter-output>
          </reporter-output>
        </test-method> <!-- test6 -->
      </class> <!-- com.tmb.tests.LoginPagetest -->
    </test> <!-- Default test -->
  </suite> <!-- Default suite -->
</testng-results>
